<?xml version="1.0" encoding="UTF-8"?>
<testsuite name="testClean.TodoTest" tests="1" skipped="0" failures="0" errors="0" timestamp="2021-03-20T16:53:20" hostname="DESKTOP-28RT13S" time="27.714">
  <properties/>
  <testcase name="GoToCreate" classname="testClean.TodoTest" time="27.714"/>
  <system-out><![CDATA[]]></system-out>
  <system-err><![CDATA[mar. 20, 2021 12:53:41 P. M. io.appium.java_client.remote.AppiumCommandExecutor$1 lambda$0
INFO: Detected dialect: OSS
]]></system-err>
</testsuite>
